<?xml version="1.0" encoding="UTF-8"?>
<!-- Generated by org.testng.reporters.JUnitXMLReporter -->
<testsuite ignored="0" hostname="DESKTOP-D30SNET" failures="0" tests="4" name="Command line test" time="0.11" errors="0" timestamp="2026-03-09T23:06:13 IST">
  <testcase classname="CalculatorTest" name="testAddition" time="0.015"/>
  <testcase classname="CalculatorTest" name="testDivision" time="0.0"/>
  <testcase classname="CalculatorTest" name="testMultiplication" time="0.001"/>
  <testcase classname="CalculatorTest" name="testSubtraction" time="0.0"/>
</testsuite> <!-- Command line test -->
